2026-04-24 16:42:38,435 — ERROR — Missing GMAIL_USER or GMAIL_PASSWORD env vars. Set them: export GMAIL_USER=... && export GMAIL_PASSWORD=...
2026-04-24 16:45:29,571 — ERROR — Missing GMAIL_USER or GMAIL_PASSWORD env vars. Set them: export GMAIL_USER=... && export GMAIL_PASSWORD=...
2026-04-24 16:46:50,241 — INFO — Loading holdings and computing summary...
2026-04-24 16:46:50,242 — INFO — Fetching live prices...
2026-04-24 16:46:56,688 — INFO — Sending email to sergey.pochikovskiy@gmail.com...
2026-04-24 16:46:57,807 — INFO — ✓ Email sent successfully
2026-04-24 16:48:37,827 — INFO — Loading holdings and computing summary...
2026-04-24 16:48:37,827 — INFO — Fetching live prices...
2026-04-24 16:48:44,527 — INFO — Sending email to sergey.pochikovskiy@gmail.com...
2026-04-24 16:48:45,634 — INFO — ✓ Email sent successfully
2026-04-24 16:55:22,676 — INFO — Loading holdings and computing summary...
2026-04-24 16:55:22,678 — INFO — Fetching live prices...
2026-04-24 16:55:29,299 — INFO — Sending email to sergey.pochikovskiy@gmail.com...
2026-04-24 16:55:30,358 — INFO — ✓ Email sent successfully
2026-04-27 12:30:06,980 — INFO — Loading holdings and computing summary...
2026-04-27 12:30:07,307 — INFO — Fetching live prices...
2026-04-27 12:30:16,421 — INFO — Sending email to sergey.pochikovskiy@gmail.com...
2026-04-27 12:30:17,120 — ERROR — Email send failed: (535, b'5.7.8 Username and Password not accepted. For more information, go to\n5.7.8  https://support.google.com/mail/?p=BadCredentials 41be03b00d2f7-c7fc2ff0ac3sm38864a12.16 - gsmtp')
2026-04-28 14:00:06,809 — INFO — Loading holdings and computing summary...
2026-04-28 14:00:07,603 — INFO — Fetching live prices...
2026-04-28 14:00:16,665 — INFO — Sending email to sergey.pochikovskiy@gmail.com...
2026-04-28 14:00:17,910 — INFO — ✓ Email sent successfully
2026-04-29 12:30:08,120 — INFO — Loading holdings and computing summary...
2026-04-29 12:30:09,426 — INFO — Fetching live prices...
2026-04-29 12:30:25,192 — INFO — Sending email to sergey.pochikovskiy@gmail.com...
2026-04-29 12:30:26,479 — INFO — ✓ Email sent successfully
2026-04-30 12:40:16,213 — INFO — Loading holdings and computing summary...
2026-04-30 12:48:24,890 — INFO — Fetching live prices...
2026-04-30 12:49:55,635 — INFO — Sending email to sergey.pochikovskiy@gmail.com...
2026-04-30 12:49:56,983 — INFO — ✓ Email sent successfully
