2026-04-24 14:49:36,929 — INFO — Connecting to portfolio.db...
2026-04-24 14:49:36,938 — INFO — Generating summary...
2026-04-24 14:49:36,938 — INFO — Loading holdings and computing allocations...
2026-04-24 14:49:36,940 — INFO — Fetching live prices...
2026-04-24 14:49:44,455 — ERROR — Refresh failed: no such column: price
Traceback (most recent call last):
  File "/Users/sergeypochikovskiy/AI_workspace/Projects/4. Investments Monitor/scripts/refresh.py", line 122, in main
    summary = generate_summary(conn)
  File "/Users/sergeypochikovskiy/AI_workspace/Projects/4. Investments Monitor/scripts/refresh.py", line 69, in generate_summary
    watchlist_rows = conn.execute(
sqlite3.OperationalError: no such column: price
2026-04-24 14:49:50,398 — INFO — Connecting to portfolio.db...
2026-04-24 14:49:50,403 — INFO — Generating summary...
2026-04-24 14:49:50,403 — INFO — Loading holdings and computing allocations...
2026-04-24 14:49:50,405 — INFO — Fetching live prices...
2026-04-24 14:49:57,039 — ERROR — Refresh failed: no such column: price
Traceback (most recent call last):
  File "/Users/sergeypochikovskiy/AI_workspace/Projects/4. Investments Monitor/scripts/refresh.py", line 122, in main
    summary = generate_summary(conn)
  File "/Users/sergeypochikovskiy/AI_workspace/Projects/4. Investments Monitor/scripts/refresh.py", line 69, in generate_summary
    watchlist_rows = conn.execute(
sqlite3.OperationalError: no such column: price
2026-04-24 14:50:40,994 — INFO — Connecting to portfolio.db...
2026-04-24 14:50:41,002 — INFO — Generating summary...
2026-04-24 14:50:41,002 — INFO — Loading holdings and computing allocations...
2026-04-24 14:50:41,003 — INFO — Fetching live prices...
2026-04-24 14:50:47,761 — ERROR — Refresh failed: no such column: price
Traceback (most recent call last):
  File "/Users/sergeypochikovskiy/AI_workspace/Projects/4. Investments Monitor/scripts/refresh.py", line 122, in main
    summary = generate_summary(conn)
  File "/Users/sergeypochikovskiy/AI_workspace/Projects/4. Investments Monitor/scripts/refresh.py", line 69, in generate_summary
    watchlist_rows = conn.execute(
sqlite3.OperationalError: no such column: price
2026-04-24 14:52:23,744 — INFO — Connecting to portfolio.db...
2026-04-24 14:52:23,752 — INFO — Generating summary...
2026-04-24 14:52:23,752 — INFO — Loading holdings and computing allocations...
2026-04-24 14:52:23,754 — INFO — Fetching live prices...
2026-04-24 14:52:30,182 — INFO — Writing /Users/sergeypochikovskiy/AI_workspace/Projects/4. Investments Monitor/public/summary.json...
2026-04-24 14:52:30,183 — INFO — Committing changes...
2026-04-24 14:52:30,272 — INFO — Pushing to GitHub...
2026-04-24 14:52:31,661 — INFO — ✓ Summary refreshed: 2026-04-24T21:52:30+00:00
2026-04-24 15:03:06,369 — INFO — Connecting to portfolio.db...
2026-04-24 15:03:06,377 — INFO — Generating summary...
2026-04-24 15:03:06,377 — INFO — Loading holdings and computing allocations...
2026-04-24 15:03:06,379 — INFO — Fetching live prices...
2026-04-24 15:03:13,027 — INFO — Writing /Users/sergeypochikovskiy/AI_workspace/Projects/4. Investments Monitor/public/summary.json...
2026-04-24 15:03:13,028 — INFO — Committing changes...
2026-04-24 15:03:13,135 — INFO — Pushing to GitHub...
2026-04-24 15:03:14,648 — INFO — ✓ Summary refreshed: 2026-04-24T22:03:13+00:00
